{"/home/laboratoria/Área de Trabalho/Veridiana archives/cpfvalidator/lib/index.js":{"path":"/home/laboratoria/Área de Trabalho/Veridiana archives/cpfvalidator/lib/index.js","statementMap":{"0":{"start":{"line":4,"column":2},"end":{"line":19,"column":3}},"1":{"start":{"line":5,"column":21},"end":{"line":5,"column":40}},"2":{"start":{"line":6,"column":25},"end":{"line":6,"column":44}},"3":{"start":{"line":8,"column":22},"end":{"line":8,"column":51}},"4":{"start":{"line":9,"column":27},"end":{"line":9,"column":46}},"5":{"start":{"line":10,"column":23},"end":{"line":10,"column":52}},"6":{"start":{"line":11,"column":24},"end":{"line":11,"column":49}},"7":{"start":{"line":12,"column":28},"end":{"line":12,"column":62}},"8":{"start":{"line":13,"column":25},"end":{"line":13,"column":51}},"9":{"start":{"line":15,"column":4},"end":{"line":15,"column":92}},"10":{"start":{"line":18,"column":4},"end":{"line":18,"column":17}},"11":{"start":{"line":23,"column":2},"end":{"line":24,"column":23}},"12":{"start":{"line":24,"column":4},"end":{"line":24,"column":21}},"13":{"start":{"line":28,"column":2},"end":{"line":29,"column":14}},"14":{"start":{"line":29,"column":2},"end":{"line":29,"column":9}},"15":{"start":{"line":33,"column":2},"end":{"line":38,"column":3}},"16":{"start":{"line":34,"column":4},"end":{"line":34,"column":12}},"17":{"start":{"line":37,"column":4},"end":{"line":37,"column":20}},"18":{"start":{"line":41,"column":0},"end":{"line":41,"column":30}}},"fnMap":{"0":{"name":"cpfValidator","decl":{"start":{"line":3,"column":9},"end":{"line":3,"column":21}},"loc":{"start":{"line":3,"column":34},"end":{"line":20,"column":1}},"line":3},"1":{"name":"cpfMultiply","decl":{"start":{"line":22,"column":9},"end":{"line":22,"column":20}},"loc":{"start":{"line":22,"column":47},"end":{"line":25,"column":1}},"line":22},"2":{"name":"(anonymous_2)","decl":{"start":{"line":23,"column":29},"end":{"line":23,"column":30}},"loc":{"start":{"line":24,"column":4},"end":{"line":24,"column":21}},"line":24},"3":{"name":"cpfSum","decl":{"start":{"line":27,"column":9},"end":{"line":27,"column":15}},"loc":{"start":{"line":27,"column":26},"end":{"line":30,"column":1}},"line":27},"4":{"name":"(anonymous_4)","decl":{"start":{"line":28,"column":26},"end":{"line":28,"column":27}},"loc":{"start":{"line":29,"column":2},"end":{"line":29,"column":9}},"line":29},"5":{"name":"moduleCpf","decl":{"start":{"line":32,"column":9},"end":{"line":32,"column":18}},"loc":{"start":{"line":32,"column":24},"end":{"line":39,"column":1}},"line":32}},"branchMap":{"0":{"loc":{"start":{"line":4,"column":2},"end":{"line":19,"column":3}},"type":"if","locations":[{"start":{"line":4,"column":2},"end":{"line":19,"column":3}},{"start":{"line":4,"column":2},"end":{"line":19,"column":3}}],"line":4},"1":{"loc":{"start":{"line":15,"column":12},"end":{"line":15,"column":91}},"type":"binary-expr","locations":[{"start":{"line":15,"column":12},"end":{"line":15,"column":48}},{"start":{"line":15,"column":52},"end":{"line":15,"column":91}}],"line":15},"2":{"loc":{"start":{"line":33,"column":2},"end":{"line":38,"column":3}},"type":"if","locations":[{"start":{"line":33,"column":2},"end":{"line":38,"column":3}},{"start":{"line":33,"column":2},"end":{"line":38,"column":3}}],"line":33}},"s":{"0":2,"1":2,"2":2,"3":2,"4":2,"5":2,"6":2,"7":2,"8":2,"9":2,"10":0,"11":4,"12":36,"13":4,"14":36,"15":4,"16":0,"17":4,"18":1},"f":{"0":2,"1":4,"2":36,"3":4,"4":36,"5":4},"b":{"0":[2,0],"1":[2,2],"2":[0,4]},"_coverageSchema":"43e27e138ebf9cfc5966b082cf9a028302ed4184","hash":"a417affb9348d724c66d4befbcbe94fc94a37eab","contentHash":"405ad63d6cb6841ad4731d527cffb2d7e61170c4303886b0661c5e53a9ec7e87"}}