{"/home/laboratoria/Área de Trabalho/Veridiana archives/cpfvalidator/lib/index.js":{"path":"/home/laboratoria/Área de Trabalho/Veridiana archives/cpfvalidator/lib/index.js","statementMap":{"0":{"start":{"line":2,"column":2},"end":{"line":17,"column":3}},"1":{"start":{"line":3,"column":21},"end":{"line":3,"column":40}},"2":{"start":{"line":4,"column":25},"end":{"line":4,"column":44}},"3":{"start":{"line":6,"column":22},"end":{"line":6,"column":51}},"4":{"start":{"line":7,"column":27},"end":{"line":7,"column":46}},"5":{"start":{"line":8,"column":23},"end":{"line":8,"column":52}},"6":{"start":{"line":9,"column":24},"end":{"line":9,"column":49}},"7":{"start":{"line":10,"column":28},"end":{"line":10,"column":62}},"8":{"start":{"line":11,"column":25},"end":{"line":11,"column":51}},"9":{"start":{"line":13,"column":4},"end":{"line":13,"column":92}},"10":{"start":{"line":16,"column":4},"end":{"line":16,"column":17}},"11":{"start":{"line":21,"column":2},"end":{"line":22,"column":23}},"12":{"start":{"line":22,"column":4},"end":{"line":22,"column":21}},"13":{"start":{"line":26,"column":2},"end":{"line":27,"column":14}},"14":{"start":{"line":27,"column":2},"end":{"line":27,"column":9}},"15":{"start":{"line":31,"column":2},"end":{"line":36,"column":3}},"16":{"start":{"line":32,"column":4},"end":{"line":32,"column":12}},"17":{"start":{"line":35,"column":4},"end":{"line":35,"column":20}},"18":{"start":{"line":39,"column":0},"end":{"line":39,"column":30}}},"fnMap":{"0":{"name":"cpfValidator","decl":{"start":{"line":1,"column":9},"end":{"line":1,"column":21}},"loc":{"start":{"line":1,"column":34},"end":{"line":18,"column":1}},"line":1},"1":{"name":"cpfMultiply","decl":{"start":{"line":20,"column":9},"end":{"line":20,"column":20}},"loc":{"start":{"line":20,"column":47},"end":{"line":23,"column":1}},"line":20},"2":{"name":"(anonymous_2)","decl":{"start":{"line":21,"column":29},"end":{"line":21,"column":30}},"loc":{"start":{"line":22,"column":4},"end":{"line":22,"column":21}},"line":22},"3":{"name":"cpfSum","decl":{"start":{"line":25,"column":9},"end":{"line":25,"column":15}},"loc":{"start":{"line":25,"column":26},"end":{"line":28,"column":1}},"line":25},"4":{"name":"(anonymous_4)","decl":{"start":{"line":26,"column":26},"end":{"line":26,"column":27}},"loc":{"start":{"line":27,"column":2},"end":{"line":27,"column":9}},"line":27},"5":{"name":"moduleCpf","decl":{"start":{"line":30,"column":9},"end":{"line":30,"column":18}},"loc":{"start":{"line":30,"column":24},"end":{"line":37,"column":1}},"line":30}},"branchMap":{"0":{"loc":{"start":{"line":2,"column":2},"end":{"line":17,"column":3}},"type":"if","locations":[{"start":{"line":2,"column":2},"end":{"line":17,"column":3}},{"start":{"line":2,"column":2},"end":{"line":17,"column":3}}],"line":2},"1":{"loc":{"start":{"line":13,"column":12},"end":{"line":13,"column":91}},"type":"binary-expr","locations":[{"start":{"line":13,"column":12},"end":{"line":13,"column":48}},{"start":{"line":13,"column":52},"end":{"line":13,"column":91}}],"line":13},"2":{"loc":{"start":{"line":31,"column":2},"end":{"line":36,"column":3}},"type":"if","locations":[{"start":{"line":31,"column":2},"end":{"line":36,"column":3}},{"start":{"line":31,"column":2},"end":{"line":36,"column":3}}],"line":31}},"s":{"0":5,"1":3,"2":3,"3":3,"4":3,"5":3,"6":3,"7":3,"8":3,"9":3,"10":2,"11":6,"12":54,"13":6,"14":54,"15":6,"16":1,"17":5,"18":1},"f":{"0":5,"1":6,"2":54,"3":6,"4":54,"5":6},"b":{"0":[3,2],"1":[3,3],"2":[1,5]},"_coverageSchema":"43e27e138ebf9cfc5966b082cf9a028302ed4184","hash":"0ab81acb57b7c393e4b055469d8f7e261acb7326","contentHash":"617f94d36c2dcaf0db20d7d7d62f7ae2ff2fc8aef6b7a92dbc20d22a62c47da7"}}